<testsuites>
  <errors>1</errors>
  <failures>0</failures>
  <tests>21</tests>
  <testsuite>
    <name>full</name>
    <tests>20</tests>
    <skipped>1</skipped>
    <errors>1</errors>
    <failures>0</failures>
    <testcase>
      <name>AnycastEnabled</name>
      <classname>vnsSvcRedirectPol</classname>
    </testcase>
    <testcase>
      <name>descr</name>
      <classname>vnsSvcRedirectPol</classname>
    </testcase>
    <testcase>
      <name>destType</name>
      <classname>vnsSvcRedirectPol</classname>
    </testcase>
    <testcase>
      <name>hashingAlgorithm</name>
      <classname>vnsSvcRedirectPol</classname>
    </testcase>
    <testcase>
      <name>maxThresholdPercent</name>
      <classname>vnsSvcRedirectPol</classname>
    </testcase>
    <testcase>
      <name>minThresholdPercent</name>
      <classname>vnsSvcRedirectPol</classname>
    </testcase>
    <testcase>
      <name>name</name>
      <classname>vnsSvcRedirectPol</classname>
    </testcase>
    <testcase>
      <name>nameAlias</name>
      <classname>vnsSvcRedirectPol</classname>
    </testcase>
    <testcase>
      <name>programLocalPodOnly</name>
      <classname>vnsSvcRedirectPol</classname>
    </testcase>
    <testcase>
      <name>resilientHashEnabled</name>
      <classname>vnsSvcRedirectPol</classname>
    </testcase>
    <testcase>
      <name>thresholdDownAction</name>
      <classname>vnsSvcRedirectPol</classname>
    </testcase>
    <testcase>
      <name>thresholdEnable</name>
      <classname>vnsSvcRedirectPol</classname>
    </testcase>
    <testcase>
      <name>tDn</name>
      <classname>vnsRsBackupPol</classname>
      <skipped></skipped>
    </testcase>
    <testcase>
      <name>tDn</name>
      <classname>vnsRsIPSLAMonitoringPol</classname>
    </testcase>
    <testcase>
      <name>descr</name>
      <classname>vnsRedirectDest</classname>
    </testcase>
    <testcase>
      <name>ip</name>
      <classname>vnsRedirectDest</classname>
    </testcase>
    <testcase>
      <name>ip2</name>
      <classname>vnsRedirectDest</classname>
    </testcase>
    <testcase>
      <name>mac</name>
      <classname>vnsRedirectDest</classname>
    </testcase>
    <testcase>
      <name>podId</name>
      <classname>vnsRedirectDest</classname>
    </testcase>
    <testcase>
      <name>(destroy)</name>
      <classname>(destroy)</classname>
      <error>
        <message>failed to destroy objects created during test (NOTE: leftover remote objects may still exist)</message>
      </error>
      <system-out>&#xA;Error: Invalid DN uni/tn-TF/svcCont/svcRedirectPol-REDIRECT1/rsBackupPol-REDIRECT_BCK1, wrong rn prefix rsBackupPol- at position 68&#xA;&#xA;  with data.aci_rest_managed.vnsRsBackupPol,&#xA;  on tests/full/test_full.tf line 149:&#xA;  (source code not available)&#xA;&#xA;&#xA;Warning: The test provider is experimental&#xA;&#xA;  with provider[&#34;terraform.io/builtin/test&#34;],&#xA;The Terraform team is using the test provider&#xA;(terraform.io/builtin/test) as part of ongoing research about&#xA;declarative testing of Terraform modules.&#xA;&#xA;The availability and behavior of this provider is expected to&#xA;change significantly even in patch releases, so we recommend using&#xA;this provider only in test configurations and constraining your&#xA;test configurations to an exact Terraform version.&#xA;</system-out>
    </testcase>
  </testsuite>
  <testsuite>
    <name>minimal</name>
    <tests>1</tests>
    <skipped>1</skipped>
    <errors>0</errors>
    <failures>0</failures>
    <testcase>
      <name>name</name>
      <classname>vnsSvcRedirectPol</classname>
      <skipped></skipped>
    </testcase>
  </testsuite>
</testsuites>